<?xml version="1.0" encoding="UTF-8"?>
<!-- Generated by org.testng.reporters.JUnitReportReporter -->
<testsuite hostname="DESKTOP-R2SPNJN" failures="0" tests="1" name="testngprograms.Firstng" time="8.342" errors="0" timestamp="2022-11-03T23:14:04 IST" skipped="0">
  <testcase classname="testngprograms.Firstng" name="main" time="8.342"/>
  <system-out/>
</testsuite> <!-- testngprograms.Firstng -->
